<?xml version="1.0" encoding="windows-1252"?>
<OpenShipments xmlns="x-schema:OpenShipments.xdr">
	<OpenShipment ProcessStatus="Processed">
		<ShipTo>
			<CompanyOrName>Texas Roadhouse #39</CompanyOrName>
			<Attention>Store Manager</Attention>
			<Address1>3615 ST RD 38E</Address1>
			<CountryTerritory>US</CountryTerritory>
			<PostalCode>47905</PostalCode>
			<CityOrTown>Lafayette</CityOrTown>
			<StateProvinceCounty>IN</StateProvinceCounty>
			<ReceiverUpsAccountNumber>Y76383</ReceiverUpsAccountNumber>
		</ShipTo>
		<ShipFrom>
			<CompanyOrName>Clark Riggs Printing</CompanyOrName>
			<Attention>Shipping Dept</Attention>
			<Address1>1705 W Jefferson St</Address1>
			<CountryTerritory>US</CountryTerritory>
			<PostalCode>40203</PostalCode>
			<CityOrTown>Louisville</CityOrTown>
			<StateProvinceCounty>KY</StateProvinceCounty>
			<Telephone>502-493-9651</Telephone>
			<UpsAccountNumber>4080e5</UpsAccountNumber>
		</ShipFrom>
		<ThirdParty>
			<CompanyOrName>N-MOTION</CompanyOrName>
			<Attention>Marney Bruner</Attention>
			<Address1>6040 Dutchman's Lane</Address1>
			<Address2>Suite 100</Address2>
			<CityOrTown>Louisville</CityOrTown>
			<CountryTerritory>US</CountryTerritory>
			<PostalCode>40205</PostalCode>
			<StateProvinceCounty>KY</StateProvinceCounty>
			<UpsAccountNumber>Y76383</UpsAccountNumber>
		</ThirdParty>
		<ShipmentInformation>
			<ServiceType>GND</ServiceType>
			<NumberOfPackages>1</NumberOfPackages>
			<BillTransportationTo>Third Party</BillTransportationTo>
		</ShipmentInformation>
		<Package>
			<PackageType>CP</PackageType>
			<Weight>3</Weight>
			<Reference1>0039</Reference1>
			<Reference2>TXRH-1423745</Reference2>
			<Length>6</Length>
			<Width>6</Width>
			<Height>4</Height>
			<MerchandiseDescription>PRINTED MATERIAL</MerchandiseDescription>
		</Package>
		<ProcessMessage>
			
			<ShipmentRates>
				<ShipmentCharges>
					<Rate>
						<Published>0.00</Published>
						<Negotiated>0.00</Negotiated>
					</Rate>
				</ShipmentCharges>
				<ShipperCharges>
					<Rate>
						<Published>0.00</Published>
						<Negotiated>0.00</Negotiated>
					</Rate>
				</ShipperCharges>
				<ReceiverCharges>
					<Rate>
						<Published>0.00</Published>
						<Negotiated>0.00</Negotiated>
					</Rate>
				</ReceiverCharges>
				<PackageRates>
					<PackageRate>
						<TrackingNumber>1Z4080E50341384365</TrackingNumber>
						<PackageCharges>
							<Rate>
							<Published>0.00</Published>
							<Negotiated>0.00</Negotiated>
							</Rate>
						</PackageCharges>
						<Dry_Ice>
							<Rate>
							<Published>0.00</Published>
							<Negotiated>0.00</Negotiated>
							</Rate>
						</Dry_Ice>
					</PackageRate>
				</PackageRates>
			</ShipmentRates>
			<TrackingNumbers>
				<TrackingNumber>1Z4080E50341384365</TrackingNumber>
			</TrackingNumbers>
			<ShipID>4080E5G4JYP</ShipID>
			<ImportID></ImportID>
			<Reference1>0039</Reference1>
			<Reference2>TXRH-1423745</Reference2>
		<ShipmentID></ShipmentID>
		<PRONumber></PRONumber>
		</ProcessMessage>
	</OpenShipment>
</OpenShipments>
